# JRE version: OpenJDK Runtime Environment (7.0_85-b01) (build 1.7.0_85-b01)
# Java VM: OpenJDK 64-Bit Server VM (24.85-b03 mixed mode linux-amd64 compressed oops)
Heap
 def new generation   total 9728K, used 3030K [0x00000000cc000000, 0x00000000cca80000, 0x00000000d9e00000)
  eden space 8704K,  26% used [0x00000000cc000000, 0x00000000cc242598, 0x00000000cc880000)
  from space 1024K,  70% used [0x00000000cc980000, 0x00000000cca33608, 0x00000000cca80000)
  to   space 1024K,   0% used [0x00000000cc880000, 0x00000000cc880000, 0x00000000cc980000)
 tenured generation   total 21376K, used 20860K [0x00000000d9e00000, 0x00000000db2e0000, 0x00000000f5a00000)
   the space 21376K,  97% used [0x00000000d9e00000, 0x00000000db25f0e0, 0x00000000db25f200, 0x00000000db2e0000)
 compacting perm gen  total 36608K, used 36374K [0x00000000f5a00000, 0x00000000f7dc0000, 0x0000000100000000)
   the space 36608K,  99% used [0x00000000f5a00000, 0x00000000f7d85b50, 0x00000000f7d85c00, 0x00000000f7dc0000)
GC Heap History (10 events):
Event: 61,600 GC heap before
{Heap before GC invocations=43 (full 2):
 def new generation   total 9728K, used 9139K [0x00000000cc000000, 0x00000000cca80000, 0x00000000d9e00000)
  eden space 8704K, 100% used [0x00000000cc000000, 0x00000000cc880000, 0x00000000cc880000)
  from space 1024K,  42% used [0x00000000cc880000, 0x00000000cc8ecd98, 0x00000000cc980000)
  to   space 1024K,   0% used [0x00000000cc980000, 0x00000000cc980000, 0x00000000cca80000)
 tenured generation   total 21376K, used 19347K [0x00000000d9e00000, 0x00000000db2e0000, 0x00000000f5a00000)
   the space 21376K,  90% used [0x00000000d9e00000, 0x00000000db0e4c00, 0x00000000db0e4c00, 0x00000000db2e0000)
 compacting perm gen  total 35328K, used 35314K [0x00000000f5a00000, 0x00000000f7c80000, 0x0000000100000000)
   the space 35328K,  99% used [0x00000000f5a00000, 0x00000000f7c7c940, 0x00000000f7c7ca00, 0x00000000f7c80000)
No shared spaces configured.
Event: 61,617 GC heap after
Heap after GC invocations=44 (full 2):
 def new generation   total 9728K, used 1024K [0x00000000cc000000, 0x00000000cca80000, 0x00000000d9e00000)
  eden space 8704K,   0% used [0x00000000cc000000, 0x00000000cc000000, 0x00000000cc880000)
  from space 1024K, 100% used [0x00000000cc980000, 0x00000000cca80000, 0x00000000cca80000)
  to   space 1024K,   0% used [0x00000000cc880000, 0x00000000cc880000, 0x00000000cc980000)
 tenured generation   total 21376K, used 19382K [0x00000000d9e00000, 0x00000000db2e0000, 0x00000000f5a00000)
   the space 21376K,  90% used [0x00000000d9e00000, 0x00000000db0eda38, 0x00000000db0edc00, 0x00000000db2e0000)
 compacting perm gen  total 35328K, used 35314K [0x00000000f5a00000, 0x00000000f7c80000, 0x0000000100000000)
   the space 35328K,  99% used [0x00000000f5a00000, 0x00000000f7c7c940, 0x00000000f7c7ca00, 0x00000000f7c80000)
No shared spaces configured.
}
Event: 62,961 GC heap before
{Heap before GC invocations=44 (full 2):
 def new generation   total 9728K, used 9728K [0x00000000cc000000, 0x00000000cca80000, 0x00000000d9e00000)
  eden space 8704K, 100% used [0x00000000cc000000, 0x00000000cc880000, 0x00000000cc880000)
  from space 1024K, 100% used [0x00000000cc980000, 0x00000000cca80000, 0x00000000cca80000)
  to   space 1024K,   0% used [0x00000000cc880000, 0x00000000cc880000, 0x00000000cc980000)
 tenured generation   total 21376K, used 19382K [0x00000000d9e00000, 0x00000000db2e0000, 0x00000000f5a00000)
   the space 21376K,  90% used [0x00000000d9e00000, 0x00000000db0eda38, 0x00000000db0edc00, 0x00000000db2e0000)
 compacting perm gen  total 35968K, used 35684K [0x00000000f5a00000, 0x00000000f7d20000, 0x0000000100000000)
   the space 35968K,  99% used [0x00000000f5a00000, 0x00000000f7cd91e0, 0x00000000f7cd9200, 0x00000000f7d20000)
No shared spaces configured.
Event: 62,983 GC heap after
Heap after GC invocations=45 (full 2):
 def new generation   total 9728K, used 524K [0x00000000cc000000, 0x00000000cca80000, 0x00000000d9e00000)
  eden space 8704K,   0% used [0x00000000cc000000, 0x00000000cc000000, 0x00000000cc880000)
  from space 1024K,  51% used [0x00000000cc880000, 0x00000000cc9032e8, 0x00000000cc980000)
  to   space 1024K,   0% used [0x00000000cc980000, 0x00000000cc980000, 0x00000000cca80000)
 tenured generation   total 21376K, used 20159K [0x00000000d9e00000, 0x00000000db2e0000, 0x00000000f5a00000)
   the space 21376K,  94% used [0x00000000d9e00000, 0x00000000db1aff80, 0x00000000db1b0000, 0x00000000db2e0000)
 compacting perm gen  total 35968K, used 35684K [0x00000000f5a00000, 0x00000000f7d20000, 0x0000000100000000)
   the space 35968K,  99% used [0x00000000f5a00000, 0x00000000f7cd91e0, 0x00000000f7cd9200, 0x00000000f7d20000)
No shared spaces configured.
}
Event: 65,791 GC heap before
{Heap before GC invocations=45 (full 2):
 def new generation   total 9728K, used 9228K [0x00000000cc000000, 0x00000000cca80000, 0x00000000d9e00000)
  eden space 8704K, 100% used [0x00000000cc000000, 0x00000000cc880000, 0x00000000cc880000)
  from space 1024K,  51% used [0x00000000cc880000, 0x00000000cc9032e8, 0x00000000cc980000)
  to   space 1024K,   0% used [0x00000000cc980000, 0x00000000cc980000, 0x00000000cca80000)
 tenured generation   total 21376K, used 20159K [0x00000000d9e00000, 0x00000000db2e0000, 0x00000000f5a00000)
   the space 21376K,  94% used [0x00000000d9e00000, 0x00000000db1aff80, 0x00000000db1b0000, 0x00000000db2e0000)
 compacting perm gen  total 36288K, used 36081K [0x00000000f5a00000, 0x00000000f7d70000, 0x0000000100000000)
   the space 36288K,  99% used [0x00000000f5a00000, 0x00000000f7d3c6b0, 0x00000000f7d3c800, 0x00000000f7d70000)
No shared spaces configured.
Event: 65,794 GC heap after
Heap after GC invocations=46 (full 2):
 def new generation   total 9728K, used 516K [0x00000000cc000000, 0x00000000cca80000, 0x00000000d9e00000)
  eden space 8704K,   0% used [0x00000000cc000000, 0x00000000cc000000, 0x00000000cc880000)
  from space 1024K,  50% used [0x00000000cc980000, 0x00000000cca011f8, 0x00000000cca80000)
  to   space 1024K,   0% used [0x00000000cc880000, 0x00000000cc880000, 0x00000000cc980000)
 tenured generation   total 21376K, used 20540K [0x00000000d9e00000, 0x00000000db2e0000, 0x00000000f5a00000)
   the space 21376K,  96% used [0x00000000d9e00000, 0x00000000db20f158, 0x00000000db20f200, 0x00000000db2e0000)
 compacting perm gen  total 36288K, used 36081K [0x00000000f5a00000, 0x00000000f7d70000, 0x0000000100000000)
   the space 36288K,  99% used [0x00000000f5a00000, 0x00000000f7d3c6b0, 0x00000000f7d3c800, 0x00000000f7d70000)
No shared spaces configured.
}
Event: 68,405 GC heap before
{Heap before GC invocations=46 (full 2):
 def new generation   total 9728K, used 9220K [0x00000000cc000000, 0x00000000cca80000, 0x00000000d9e00000)
  eden space 8704K, 100% used [0x00000000cc000000, 0x00000000cc880000, 0x00000000cc880000)
  from space 1024K,  50% used [0x00000000cc980000, 0x00000000cca011f8, 0x00000000cca80000)
  to   space 1024K,   0% used [0x00000000cc880000, 0x00000000cc880000, 0x00000000cc980000)
 tenured generation   total 21376K, used 20540K [0x00000000d9e00000, 0x00000000db2e0000, 0x00000000f5a00000)
   the space 21376K,  96% used [0x00000000d9e00000, 0x00000000db20f158, 0x00000000db20f200, 0x00000000db2e0000)
 compacting perm gen  total 36288K, used 36245K [0x00000000f5a00000, 0x00000000f7d70000, 0x0000000100000000)
   the space 36288K,  99% used [0x00000000f5a00000, 0x00000000f7d65718, 0x00000000f7d65800, 0x00000000f7d70000)
No shared spaces configured.
Event: 68,409 GC heap after
Heap after GC invocations=47 (full 2):
 def new generation   total 9728K, used 431K [0x00000000cc000000, 0x00000000cca80000, 0x00000000d9e00000)
  eden space 8704K,   0% used [0x00000000cc000000, 0x00000000cc000000, 0x00000000cc880000)
  from space 1024K,  42% used [0x00000000cc880000, 0x00000000cc8ebf90, 0x00000000cc980000)
  to   space 1024K,   0% used [0x00000000cc980000, 0x00000000cc980000, 0x00000000cca80000)
 tenured generation   total 21376K, used 20860K [0x00000000d9e00000, 0x00000000db2e0000, 0x00000000f5a00000)
   the space 21376K,  97% used [0x00000000d9e00000, 0x00000000db25f0e0, 0x00000000db25f200, 0x00000000db2e0000)
 compacting perm gen  total 36288K, used 36245K [0x00000000f5a00000, 0x00000000f7d70000, 0x0000000100000000)
   the space 36288K,  99% used [0x00000000f5a00000, 0x00000000f7d65718, 0x00000000f7d65800, 0x00000000f7d70000)
No shared spaces configured.
}
Event: 79,059 GC heap before
{Heap before GC invocations=47 (full 2):
 def new generation   total 9728K, used 9135K [0x00000000cc000000, 0x00000000cca80000, 0x00000000d9e00000)
  eden space 8704K,  99% used [0x00000000cc000000, 0x00000000cc87ff90, 0x00000000cc880000)
  from space 1024K,  42% used [0x00000000cc880000, 0x00000000cc8ebf90, 0x00000000cc980000)
  to   space 1024K,   0% used [0x00000000cc980000, 0x00000000cc980000, 0x00000000cca80000)
 tenured generation   total 21376K, used 20860K [0x00000000d9e00000, 0x00000000db2e0000, 0x00000000f5a00000)
   the space 21376K,  97% used [0x00000000d9e00000, 0x00000000db25f0e0, 0x00000000db25f200, 0x00000000db2e0000)
 compacting perm gen  total 36608K, used 36372K [0x00000000f5a00000, 0x00000000f7dc0000, 0x0000000100000000)
   the space 36608K,  99% used [0x00000000f5a00000, 0x00000000f7d851c0, 0x00000000f7d85200, 0x00000000f7dc0000)
No shared spaces configured.
Event: 79,063 GC heap after
Heap after GC invocations=48 (full 2):
 def new generation   total 9728K, used 717K [0x00000000cc000000, 0x00000000cca80000, 0x00000000d9e00000)
  eden space 8704K,   0% used [0x00000000cc000000, 0x00000000cc000000, 0x00000000cc880000)
  from space 1024K,  70% used [0x00000000cc980000, 0x00000000cca33608, 0x00000000cca80000)
  to   space 1024K,   0% used [0x00000000cc880000, 0x00000000cc880000, 0x00000000cc980000)
 tenured generation   total 21376K, used 20860K [0x00000000d9e00000, 0x00000000db2e0000, 0x00000000f5a00000)
   the space 21376K,  97% used [0x00000000d9e00000, 0x00000000db25f0e0, 0x00000000db25f200, 0x00000000db2e0000)
 compacting perm gen  total 36608K, used 36372K [0x00000000f5a00000, 0x00000000f7dc0000, 0x0000000100000000)
   the space 36608K,  99% used [0x00000000f5a00000, 0x00000000f7d851c0, 0x00000000f7d85200, 0x00000000f7dc0000)
No shared spaces configured.
}

